[ INFO ] - [ ices.crawler.Spider.initComponent(Spider.java:169) ] - 2017-06-19 16:16:03  
Downloader: HttpClientDownloader []
Scheduler: QueueScheduler []{DuplicateRemovedScheduler [duplicateRemover=HashSetDuplicateRemover []]}
Pipeline: [ConsolePipeline [], FilePipeline []]

[ INFO ] - [ ices.crawler.Spider.run(Spider.java:210) ] - 2017-06-19 16:16:03  
Spider {webmagic.io} started!
[ WARN ] - [ ices.crawler.downloader.HttpClientDownloader.download(HttpClientDownloader.java:76) ] - 2017-06-19 16:16:28  
download resultDocument http://webmagic.io/docs/zh/posts/ch1-overview/architecture.htmlerror
java.net.UnknownHostException: webmagic.io: 域名解析暂时失败
	at java.net.Inet6AddressImpl.lookupAllHostAddr(Native Method)
	at java.net.InetAddress$2.lookupAllHostAddr(InetAddress.java:928)
	at java.net.InetAddress.getAddressesFromNameService(InetAddress.java:1323)
	at java.net.InetAddress.getAllByName0(InetAddress.java:1276)
	at java.net.InetAddress.getAllByName(InetAddress.java:1192)
	at java.net.InetAddress.getAllByName(InetAddress.java:1126)
	at org.apache.http.impl.conn.SystemDefaultDnsResolver.resolve(SystemDefaultDnsResolver.java:45)
	at org.apache.http.impl.conn.DefaultHttpClientConnectionOperator.connect(DefaultHttpClientConnectionOperator.java:111)
	at org.apache.http.impl.conn.PoolingHttpClientConnectionManager.connect(PoolingHttpClientConnectionManager.java:353)
	at org.apache.http.impl.execchain.MainClientExec.establishRoute(MainClientExec.java:380)
	at org.apache.http.impl.execchain.MainClientExec.execute(MainClientExec.java:236)
	at org.apache.http.impl.execchain.ProtocolExec.execute(ProtocolExec.java:184)
	at org.apache.http.impl.execchain.RetryExec.execute(RetryExec.java:88)
	at org.apache.http.impl.execchain.RedirectExec.execute(RedirectExec.java:110)
	at org.apache.http.impl.client.InternalHttpClient.doExecute(InternalHttpClient.java:184)
	at org.apache.http.impl.client.CloseableHttpClient.execute(CloseableHttpClient.java:82)
	at ices.crawler.downloader.HttpClientDownloader.download(HttpClientDownloader.java:68)
	at ices.crawler.Spider.processRequest(Spider.java:275)
	at ices.crawler.Spider.access$2(Spider.java:274)
	at ices.crawler.Spider$1.run(Spider.java:224)
	at ices.crawler.utils.CountableThreadPool$1.run(CountableThreadPool.java:65)
	at java.util.concurrent.ThreadPoolExecutor.runWorker(ThreadPoolExecutor.java:1142)
	at java.util.concurrent.ThreadPoolExecutor$Worker.run(ThreadPoolExecutor.java:617)
	at java.lang.Thread.run(Thread.java:748)
[ INFO ] - [ ices.crawler.Spider.run(Spider.java:241) ] - 2017-06-19 16:16:29  
Spider {webmagic.io} closed! {1} resultDocuments downloaded.
[ INFO ] - [ ices.crawler.Spider.initComponent(Spider.java:169) ] - 2017-06-19 16:18:58  
Downloader: HttpClientDownloader
Scheduler: QueueScheduler --- DuplicateRemovedScheduler [duplicateRemover=HashSetDuplicateRemover]
Pipeline: [ConsolePipeline, FilePipeline]

[ INFO ] - [ ices.crawler.Spider.run(Spider.java:210) ] - 2017-06-19 16:18:58  
Spider {webmagic.io} started!
[ INFO ] - [ ices.crawler.Spider.run(Spider.java:241) ] - 2017-06-19 16:19:05  
Spider {webmagic.io} closed! {1} resultDocuments downloaded.
